<?xml version="1.0" encoding="UTF-8"?>
<robot generator="Robot 3.2.2 (Python 3.9.4 on win32)" generated="20210505 16:41:18.648" rpa="false">
<suite id="s1" name="TestSuite1" source="C:\Users\Käyttäjä\Desktop\Työpisteet\RobotProject1\test\TestSuite1.robot">
<kw name="Log" library="BuiltIn" type="setup">
<doc>Logs the given message with the given level.</doc>
<arguments>
<arg>I am inside Test Suite Setup</arg>
</arguments>
<msg timestamp="20210505 16:41:18.868" level="INFO">I am inside Test Suite Setup</msg>
<status status="PASS" starttime="20210505 16:41:18.867" endtime="20210505 16:41:18.868"></status>
</kw>
<test id="s1-t1" name="MyFirstTest">
<kw name="Log" library="BuiltIn" type="setup">
<doc>Logs the given message with the given level.</doc>
<arguments>
<arg>I am inside Test Setup</arg>
</arguments>
<msg timestamp="20210505 16:41:18.868" level="INFO">I am inside Test Setup</msg>
<status status="PASS" starttime="20210505 16:41:18.868" endtime="20210505 16:41:18.868"></status>
</kw>
<kw name="Log" library="BuiltIn">
<doc>Logs the given message with the given level.</doc>
<arguments>
<arg>Hello World...</arg>
</arguments>
<msg timestamp="20210505 16:41:18.869" level="INFO">Hello World...</msg>
<status status="PASS" starttime="20210505 16:41:18.869" endtime="20210505 16:41:18.870"></status>
</kw>
<kw name="Log" library="BuiltIn" type="teardown">
<doc>Logs the given message with the given level.</doc>
<arguments>
<arg>I am inside Test Teardown</arg>
</arguments>
<msg timestamp="20210505 16:41:18.872" level="INFO">I am inside Test Teardown</msg>
<status status="PASS" starttime="20210505 16:41:18.871" endtime="20210505 16:41:18.872"></status>
</kw>
<tags>
<tag>smoke</tag>
</tags>
<status status="PASS" starttime="20210505 16:41:18.868" endtime="20210505 16:41:18.872" critical="yes"></status>
</test>
<test id="s1-t2" name="MySecondTest">
<kw name="Log" library="BuiltIn" type="setup">
<doc>Logs the given message with the given level.</doc>
<arguments>
<arg>I am inside Test Setup</arg>
</arguments>
<msg timestamp="20210505 16:41:18.875" level="INFO">I am inside Test Setup</msg>
<status status="PASS" starttime="20210505 16:41:18.874" endtime="20210505 16:41:18.875"></status>
</kw>
<kw name="Log" library="BuiltIn">
<doc>Logs the given message with the given level.</doc>
<arguments>
<arg>I am inside 2nd test</arg>
</arguments>
<msg timestamp="20210505 16:41:18.875" level="INFO">I am inside 2nd test</msg>
<status status="PASS" starttime="20210505 16:41:18.875" endtime="20210505 16:41:18.875"></status>
</kw>
<kw name="Set Tags" library="BuiltIn">
<doc>Adds given ``tags`` for the current test or all tests in a suite.</doc>
<arguments>
<arg>regression1</arg>
</arguments>
<msg timestamp="20210505 16:41:18.875" level="INFO">Set tag 'regression1'.</msg>
<status status="PASS" starttime="20210505 16:41:18.875" endtime="20210505 16:41:18.875"></status>
</kw>
<kw name="Remove Tags" library="BuiltIn">
<doc>Removes given ``tags`` from the current test or all tests in a suite.</doc>
<arguments>
<arg>regression1</arg>
</arguments>
<msg timestamp="20210505 16:41:18.876" level="INFO">Removed tag 'regression1'.</msg>
<status status="PASS" starttime="20210505 16:41:18.875" endtime="20210505 16:41:18.876"></status>
</kw>
<kw name="Log" library="BuiltIn" type="teardown">
<doc>Logs the given message with the given level.</doc>
<arguments>
<arg>I am inside Test Teardown</arg>
</arguments>
<msg timestamp="20210505 16:41:18.877" level="INFO">I am inside Test Teardown</msg>
<status status="PASS" starttime="20210505 16:41:18.877" endtime="20210505 16:41:18.877"></status>
</kw>
<tags>
<tag>example</tag>
</tags>
<status status="PASS" starttime="20210505 16:41:18.874" endtime="20210505 16:41:18.877" critical="yes"></status>
</test>
<test id="s1-t3" name="MyThirdTest">
<kw name="Log" library="BuiltIn" type="setup">
<doc>Logs the given message with the given level.</doc>
<arguments>
<arg>I am inside Test Setup</arg>
</arguments>
<msg timestamp="20210505 16:41:18.880" level="INFO">I am inside Test Setup</msg>
<status status="PASS" starttime="20210505 16:41:18.879" endtime="20210505 16:41:18.880"></status>
</kw>
<kw name="Log" library="BuiltIn">
<doc>Logs the given message with the given level.</doc>
<arguments>
<arg>I am inside 3rd test</arg>
</arguments>
<msg timestamp="20210505 16:41:18.881" level="INFO">I am inside 3rd test</msg>
<status status="PASS" starttime="20210505 16:41:18.881" endtime="20210505 16:41:18.881"></status>
</kw>
<kw name="Log" library="BuiltIn" type="teardown">
<doc>Logs the given message with the given level.</doc>
<arguments>
<arg>I am inside Test Teardown</arg>
</arguments>
<msg timestamp="20210505 16:41:18.881" level="INFO">I am inside Test Teardown</msg>
<status status="PASS" starttime="20210505 16:41:18.881" endtime="20210505 16:41:18.881"></status>
</kw>
<tags>
<tag>sanity</tag>
</tags>
<status status="PASS" starttime="20210505 16:41:18.878" endtime="20210505 16:41:18.881" critical="yes"></status>
</test>
<test id="s1-t4" name="FirstSelenium Test">
<kw name="Log" library="BuiltIn" type="setup">
<doc>Logs the given message with the given level.</doc>
<arguments>
<arg>I am inside Test Setup</arg>
</arguments>
<msg timestamp="20210505 16:41:18.884" level="INFO">I am inside Test Setup</msg>
<status status="PASS" starttime="20210505 16:41:18.884" endtime="20210505 16:41:18.884"></status>
</kw>
<kw name="Open Browser" library="SeleniumLibrary">
<doc>Opens a new browser instance to the optional ``url``.</doc>
<arguments>
<arg>https://google.com/</arg>
<arg>chrome</arg>
</arguments>
<msg timestamp="20210505 16:41:18.885" level="INFO">Opening browser 'chrome' to base url 'https://google.com/'.</msg>
<status status="PASS" starttime="20210505 16:41:18.885" endtime="20210505 16:41:21.334"></status>
</kw>
<kw name="Sleep" library="BuiltIn">
<doc>Pauses the test executed for the given time.</doc>
<arguments>
<arg>2</arg>
</arguments>
<msg timestamp="20210505 16:41:23.343" level="INFO">Slept 2 seconds</msg>
<status status="PASS" starttime="20210505 16:41:21.334" endtime="20210505 16:41:23.343"></status>
</kw>
<kw name="Close Browser" library="SeleniumLibrary">
<doc>Closes the current browser.</doc>
<status status="PASS" starttime="20210505 16:41:23.345" endtime="20210505 16:41:25.626"></status>
</kw>
<kw name="Log" library="BuiltIn">
<doc>Logs the given message with the given level.</doc>
<arguments>
<arg>Test Completed</arg>
</arguments>
<msg timestamp="20210505 16:41:25.628" level="INFO">Test Completed</msg>
<status status="PASS" starttime="20210505 16:41:25.627" endtime="20210505 16:41:25.628"></status>
</kw>
<kw name="Log" library="BuiltIn" type="teardown">
<doc>Logs the given message with the given level.</doc>
<arguments>
<arg>I am inside Test Teardown</arg>
</arguments>
<msg timestamp="20210505 16:41:25.629" level="INFO">I am inside Test Teardown</msg>
<status status="PASS" starttime="20210505 16:41:25.629" endtime="20210505 16:41:25.630"></status>
</kw>
<tags>
<tag>sanity</tag>
</tags>
<status status="PASS" starttime="20210505 16:41:18.882" endtime="20210505 16:41:25.631" critical="yes"></status>
</test>
<test id="s1-t5" name="SampleLoginTest">
<kw name="Log" library="BuiltIn" type="setup">
<doc>Logs the given message with the given level.</doc>
<arguments>
<arg>I am inside Test Setup</arg>
</arguments>
<msg timestamp="20210505 16:41:25.637" level="INFO">I am inside Test Setup</msg>
<status status="PASS" starttime="20210505 16:41:25.637" endtime="20210505 16:41:25.637"></status>
</kw>
<kw name="Open Browser" library="SeleniumLibrary">
<doc>Opens a new browser instance to the optional ``url``.</doc>
<arguments>
<arg>${URL}</arg>
<arg>chrome</arg>
</arguments>
<msg timestamp="20210505 16:41:25.638" level="INFO">Opening browser 'chrome' to base url 'https://opensource-demo.orangehrmlive.com/'.</msg>
<status status="PASS" starttime="20210505 16:41:25.638" endtime="20210505 16:41:28.685"></status>
</kw>
<kw name="Set Browser Implicit Wait" library="SeleniumLibrary">
<doc>Sets the implicit wait value used by Selenium.</doc>
<arguments>
<arg>5</arg>
</arguments>
<status status="PASS" starttime="20210505 16:41:28.687" endtime="20210505 16:41:28.690"></status>
</kw>
<kw name="LoginKW">
<kw name="Input Text" library="SeleniumLibrary">
<doc>Types the given ``text`` into the text field identified by ``locator``.</doc>
<arguments>
<arg>id=txtUsername</arg>
<arg>${CREDENTIALS}[0]</arg>
</arguments>
<msg timestamp="20210505 16:41:28.691" level="INFO">Typing text 'Admin' into text field 'id=txtUsername'.</msg>
<status status="PASS" starttime="20210505 16:41:28.691" endtime="20210505 16:41:28.861"></status>
</kw>
<kw name="Input Password" library="SeleniumLibrary">
<doc>Types the given password into the text field identified by ``locator``.</doc>
<arguments>
<arg>id=txtPassword</arg>
<arg>${LOGINDATA}[password]</arg>
</arguments>
<msg timestamp="20210505 16:41:28.862" level="INFO">Typing password into text field 'id=txtPassword'.</msg>
<msg timestamp="20210505 16:41:28.931" level="INFO">Temporally setting log level to: NONE</msg>
<msg timestamp="20210505 16:41:29.010" level="INFO">Log level changed from NONE to INFO.</msg>
<status status="PASS" starttime="20210505 16:41:28.861" endtime="20210505 16:41:29.010"></status>
</kw>
<kw name="Click Button" library="SeleniumLibrary">
<doc>Clicks the button identified by ``locator``.</doc>
<arguments>
<arg>id=btnLogin</arg>
</arguments>
<msg timestamp="20210505 16:41:29.010" level="INFO">Clicking button 'id=btnLogin'.</msg>
<status status="PASS" starttime="20210505 16:41:29.010" endtime="20210505 16:41:31.042"></status>
</kw>
<status status="PASS" starttime="20210505 16:41:28.690" endtime="20210505 16:41:31.042"></status>
</kw>
<kw name="Click Element" library="SeleniumLibrary">
<doc>Click the element identified by ``locator``.</doc>
<arguments>
<arg>id=welcome</arg>
</arguments>
<msg timestamp="20210505 16:41:31.043" level="INFO">Clicking element 'id=welcome'.</msg>
<status status="PASS" starttime="20210505 16:41:31.043" endtime="20210505 16:41:31.829"></status>
</kw>
<kw name="Click Element" library="SeleniumLibrary">
<doc>Click the element identified by ``locator``.</doc>
<arguments>
<arg>link=Logout</arg>
</arguments>
<msg timestamp="20210505 16:41:31.831" level="INFO">Clicking element 'link=Logout'.</msg>
<status status="PASS" starttime="20210505 16:41:31.831" endtime="20210505 16:41:32.597"></status>
</kw>
<kw name="Close Browser" library="SeleniumLibrary">
<doc>Closes the current browser.</doc>
<status status="PASS" starttime="20210505 16:41:32.597" endtime="20210505 16:41:34.880"></status>
</kw>
<kw name="Log" library="BuiltIn">
<doc>Logs the given message with the given level.</doc>
<arguments>
<arg>Test Completed</arg>
</arguments>
<msg timestamp="20210505 16:41:34.883" level="INFO">Test Completed</msg>
<status status="PASS" starttime="20210505 16:41:34.882" endtime="20210505 16:41:34.883"></status>
</kw>
<kw name="Log" library="BuiltIn">
<doc>Logs the given message with the given level.</doc>
<arguments>
<arg>This test was executed by %{username} on %{os}</arg>
</arguments>
<msg timestamp="20210505 16:41:34.885" level="INFO">This test was executed by Käyttäjä on Windows_NT</msg>
<status status="PASS" starttime="20210505 16:41:34.884" endtime="20210505 16:41:34.885"></status>
</kw>
<kw name="Log" library="BuiltIn" type="teardown">
<doc>Logs the given message with the given level.</doc>
<arguments>
<arg>I am inside Test Teardown</arg>
</arguments>
<msg timestamp="20210505 16:41:34.886" level="INFO">I am inside Test Teardown</msg>
<status status="PASS" starttime="20210505 16:41:34.886" endtime="20210505 16:41:34.886"></status>
</kw>
<doc>This is a sample login test</doc>
<tags>
<tag>sanity</tag>
</tags>
<status status="PASS" starttime="20210505 16:41:25.633" endtime="20210505 16:41:34.887" critical="yes"></status>
</test>
<kw name="Log" library="BuiltIn" type="teardown">
<doc>Logs the given message with the given level.</doc>
<arguments>
<arg>I am inside Test Suite Teardown</arg>
</arguments>
<msg timestamp="20210505 16:41:34.890" level="INFO">I am inside Test Suite Teardown</msg>
<status status="PASS" starttime="20210505 16:41:34.890" endtime="20210505 16:41:34.890"></status>
</kw>
<status status="PASS" starttime="20210505 16:41:18.650" endtime="20210505 16:41:34.891"></status>
</suite>
<statistics>
<total>
<stat pass="5" fail="0">Critical Tests</stat>
<stat pass="5" fail="0">All Tests</stat>
</total>
<tag>
<stat pass="1" fail="0">example</stat>
<stat pass="3" fail="0">sanity</stat>
<stat pass="1" fail="0">smoke</stat>
</tag>
<suite>
<stat pass="5" fail="0" id="s1" name="TestSuite1">TestSuite1</stat>
</suite>
</statistics>
<errors>
</errors>
</robot>
